Arguments: 
  /usr/local/bin/node /usr/local/Cellar/yarn/1.9.2/libexec/bin/yarn.js

PATH: 
  /Users/kienpham/.cargo/bin:/Users/kienpham/go/bin:/Users/kienpham/.yarn/bin:/Library/Frameworks/Python.framework/Versions/3.6/bin:/Users/kienpham/.cargo/bin:/usr/local/bin:/usr/bin:/bin:/usr/sbin:/sbin:/usr/local/MacGPG2/bin:/usr/local/share/dotnet:/opt/X11/bin:~/.dotnet/tools:/Library/Frameworks/Mono.framework/Versions/Current/Commands:/Applications/Xamarin Workbooks.app/Contents/SharedSupport/path-bin:/Users/kienpham/.rvm/bin:/Users/kienpham/.rvm/bin:/usr/local/sbin:/Users/Kien/npm/bin:/Users/kienpham/trd/arcanist/bin

Yarn version: 
  1.9.2

Node version: 
  8.11.3

Platform: 
  darwin x64

Trace: 
  Error: https://registry.trddev.com/gulp: ETIMEDOUT
      at Timeout._onTimeout (/usr/local/Cellar/yarn/1.9.2/libexec/lib/cli.js:138076:19)
      at ontimeout (timers.js:498:11)
      at tryOnTimeout (timers.js:323:5)
      at Timer.listOnTimeout (timers.js:290:5)

npm manifest: 
  {
    "name": "black-dashboard",
    "version": "1.0.0",
    "description": "Black Dasboard, a Black Desgin. Coded by Creative Tim",
    "main": "index.html",
    "directories": {
      "example": "root"
    },
    "scripts": {
      "test": "echo \"Error: no test specified\" && exit 1"
    },
    "repository": {
      "type": "git",
      "url": "git+https://github.com/creativetimofficial/black-dashboard.git"
    },
    "keywords": [
      "black dashboard",
      "bootstrap admin",
      "bootstrap dashboard",
      "black design admin",
      "black design",
      "creative tim",
      "html dashboard",
      "html css dashboard",
      "web dashboard",
      "freebie",
      "free bootstrap dashboard",
      "css3 dashboard",
      "bootstrap admin",
      "bootstrap dashboard",
      "frontend",
      "responsive bootstrap dashboard"
    ],
    "author": "Creative Tim <hello@creative-tim.com> (https://www.creative-tim.com/)",
    "license": "MIT",
    "bugs": {
      "url": "https://github.com/creativetimofficial/black-dashboard/issues"
    },
    "devDependencies": {
      "gulp": "^3.9.1",
      "gulp-autoprefixer": "^5.0.0",
      "gulp-clean": "^0.4.0",
      "gulp-install": "^1.1.0",
      "gulp-sass": "^4.0.1",
      "gulp-sourcemaps": "^2.6.4",
      "gulp-open": "^3.0.1"
    },
    "homepage": "http://demos.creative-tim.com/black-dashboard/examples/dashboard.html?_ga=2.143239282.69692347.1519629130-329288944.1519374311"
  }

yarn manifest: 
  No manifest

Lockfile: 
  No lockfile
